[debug] [2023-03-23T07:50:09.948Z] ----------------------------------------------------------------------
[debug] [2023-03-23T07:50:09.950Z] Command:       C:\Program Files\nodejs\node.exe C:\Users\Hp\AppData\Roaming\npm\node_modules\firebase-tools\lib\bin\firebase.js deploy --only hosting
[debug] [2023-03-23T07:50:09.951Z] CLI Version:   11.24.1
[debug] [2023-03-23T07:50:09.951Z] Platform:      win32
[debug] [2023-03-23T07:50:09.951Z] Node Version:  v18.12.1
[debug] [2023-03-23T07:50:09.952Z] Time:          Thu Mar 23 2023 14:50:09 GMT+0700 (เวลาอินโดจีน)
[debug] [2023-03-23T07:50:09.953Z] ----------------------------------------------------------------------
[debug] 
[debug] [2023-03-23T07:50:10.035Z] > command requires scopes: ["email","openid","https://www.googleapis.com/auth/cloudplatformprojects.readonly","https://www.googleapis.com/auth/firebase","https://www.googleapis.com/auth/cloud-platform"]
[debug] [2023-03-23T07:50:10.036Z] > authorizing via signed-in user (63070013@it.kmitl.ac.th)
[debug] [2023-03-23T07:50:10.036Z] [iam] checking project tickletackletoggle for permissions ["firebase.projects.get","firebasehosting.sites.update"]
[debug] [2023-03-23T07:50:10.040Z] >>> [apiv2][query] POST https://cloudresourcemanager.googleapis.com/v1/projects/tickletackletoggle:testIamPermissions [none]
[debug] [2023-03-23T07:50:10.041Z] >>> [apiv2][(partial)header] POST https://cloudresourcemanager.googleapis.com/v1/projects/tickletackletoggle:testIamPermissions x-goog-quota-user=projects/tickletackletoggle
[debug] [2023-03-23T07:50:10.041Z] >>> [apiv2][body] POST https://cloudresourcemanager.googleapis.com/v1/projects/tickletackletoggle:testIamPermissions {"permissions":["firebase.projects.get","firebasehosting.sites.update"]}
[debug] [2023-03-23T07:50:11.349Z] <<< [apiv2][status] POST https://cloudresourcemanager.googleapis.com/v1/projects/tickletackletoggle:testIamPermissions 200
[debug] [2023-03-23T07:50:11.350Z] <<< [apiv2][body] POST https://cloudresourcemanager.googleapis.com/v1/projects/tickletackletoggle:testIamPermissions {"permissions":["firebase.projects.get","firebasehosting.sites.update"]}
[debug] [2023-03-23T07:50:11.351Z] >>> [apiv2][query] GET https://firebase.googleapis.com/v1beta1/projects/tickletackletoggle [none]
[debug] [2023-03-23T07:50:11.866Z] <<< [apiv2][status] GET https://firebase.googleapis.com/v1beta1/projects/tickletackletoggle 200
[debug] [2023-03-23T07:50:11.866Z] <<< [apiv2][body] GET https://firebase.googleapis.com/v1beta1/projects/tickletackletoggle {"projectId":"tickletackletoggle","projectNumber":"854577270606","displayName":"TickleTackleToggle","name":"projects/tickletackletoggle","resources":{"hostingSite":"tickletackletoggle","realtimeDatabaseInstance":"tickletackletoggle-default-rtdb"},"state":"ACTIVE","etag":"1_53feb8a7-0098-4c50-8bc6-ad4af2624e24"}
[debug] [2023-03-23T07:50:16.939Z] >>> [apiv2][query] GET https://firebasehosting.googleapis.com/v1beta1/projects/tickletackletoggle/sites pageToken=&pageSize=10
[debug] [2023-03-23T07:50:18.075Z] <<< [apiv2][status] GET https://firebasehosting.googleapis.com/v1beta1/projects/tickletackletoggle/sites 200
[debug] [2023-03-23T07:50:18.076Z] <<< [apiv2][body] GET https://firebasehosting.googleapis.com/v1beta1/projects/tickletackletoggle/sites {"sites":[{"name":"projects/tickletackletoggle/sites/tickletackletoggle","defaultUrl":"https://tickletackletoggle.web.app","appId":"1:854577270606:web:b6bc3b049173e4c8d1981f","type":"DEFAULT_SITE"}]}
[debug] [2023-03-23T07:50:18.076Z] >>> [apiv2][query] GET https://firebase.googleapis.com/v1beta1/projects/-/webApps/1:854577270606:web:b6bc3b049173e4c8d1981f/config [none]
[debug] [2023-03-23T07:50:19.676Z] <<< [apiv2][status] GET https://firebase.googleapis.com/v1beta1/projects/-/webApps/1:854577270606:web:b6bc3b049173e4c8d1981f/config 200
[debug] [2023-03-23T07:50:19.677Z] <<< [apiv2][body] GET https://firebase.googleapis.com/v1beta1/projects/-/webApps/1:854577270606:web:b6bc3b049173e4c8d1981f/config {"projectId":"tickletackletoggle","appId":"1:854577270606:web:b6bc3b049173e4c8d1981f","databaseURL":"https://tickletackletoggle-default-rtdb.asia-southeast1.firebasedatabase.app","storageBucket":"tickletackletoggle.appspot.com","apiKey":"AIzaSyB_jU3ZQ3ALnbTmCb7j7H837TlJ-fy64oQ","authDomain":"tickletackletoggle.firebaseapp.com","messagingSenderId":"854577270606","measurementId":"G-8TFRCPFNQK"}
